Log file open, 11/12/22 00:06:30
LogWindows: Failed to load 'aqProf.dll' (GetLastError=126)
LogWindows: File 'aqProf.dll' does not exist
LogWindows: Failed to load 'VtuneApi.dll' (GetLastError=126)
LogWindows: File 'VtuneApi.dll' does not exist
LogWindows: Failed to load 'VtuneApi32e.dll' (GetLastError=126)
LogWindows: File 'VtuneApi32e.dll' does not exist
LogConsoleResponse: Display: Failed to find resolution value strings in scalability ini. Falling back to default.
LogConsoleResponse: Display: Failed to find resolution value strings in scalability ini. Falling back to default.
LogPakFile: Display: Found Pak file ../../../PokeHunter/Content/Paks/PokeHunter-WindowsServer.pak attempting to mount.
LogPakFile: Display: Mounting pak file ../../../PokeHunter/Content/Paks/PokeHunter-WindowsServer.pak.
LogPakFile: PakFile PrimaryIndexSize=23646
LogPakFile: PakFile PathHashIndexSize=45211
LogPakFile: PakFile FullDirectoryIndexSize=56253
LogShaderLibrary: Display: ShaderCodeLibraryPakFileMountedCallback: PakFile '../../../PokeHunter/Content/Paks/PokeHunter-WindowsServer.pak' (chunk index -1, root '../../../') mounted
LogShaderLibrary: Display: ShaderCodeLibraryPakFileMountedCallback: pending pak file info (ChunkID:-1 Root:../../../ File:../../../PokeHunter/Content/Paks/PokeHunter-WindowsServer.pak)
LogPakFile: OnPakFileMounted2Time == 0.000067
LogPlatformFile: Not using cached read wrapper
LogTaskGraph: Started task graph with 5 named threads and 9 total threads with 1 sets of task threads.
LogStats: Stats thread started at 0.111409
LogICUInternationalization: ICU TimeZone Detection - Raw Offset: +9:00, Platform Override: ''
LogInit: Display: Loading text-based GConfig....
LogPluginManager: Mounting plugin GameLiftServerSDK
LogPluginManager: Mounting plugin Paper2D
LogPluginManager: Mounting plugin AISupport
LogPluginManager: Mounting plugin EnvironmentQueryEditor
LogPluginManager: Mounting plugin LightPropagationVolume
LogPluginManager: Mounting plugin CameraShakePreviewer
LogPluginManager: Mounting plugin GameplayCameras
LogPluginManager: Mounting plugin TemplateSequence
LogPluginManager: Mounting plugin LevelSequenceEditor
LogPluginManager: Mounting plugin OodleData
LogPluginManager: Mounting plugin OodleNetwork
LogPluginManager: Mounting plugin AnimationSharing
LogPluginManager: Mounting plugin SignificanceManager
LogPluginManager: Mounting plugin PluginUtils
LogPluginManager: Mounting plugin PropertyAccessEditor
LogPluginManager: Mounting plugin UObjectPlugin
LogPluginManager: Mounting plugin AssetManagerEditor
LogPluginManager: Mounting plugin FacialAnimation
LogPluginManager: Mounting plugin GeometryMode
LogPluginManager: Mounting plugin SpeedTreeImporter
LogPluginManager: Mounting plugin DatasmithContent
LogPluginManager: Mounting plugin VariantManagerContent
LogPluginManager: Mounting plugin AlembicImporter
LogPluginManager: Mounting plugin GeometryCache
LogPluginManager: Mounting plugin AutomationUtils
LogPluginManager: Mounting plugin ScreenshotTools
LogPluginManager: Mounting plugin BackChannel
LogPluginManager: Mounting plugin ChaosClothEditor
LogPluginManager: Mounting plugin ChaosCloth
LogPluginManager: Mounting plugin ChaosEditor
LogPluginManager: Mounting plugin PlanarCut
LogPluginManager: Mounting plugin GeometryProcessing
LogPluginManager: Mounting plugin EditableMesh
LogPluginManager: Mounting plugin GeometryCollectionPlugin
LogPluginManager: Mounting plugin ProceduralMeshComponent
LogPluginManager: Mounting plugin ChaosSolverPlugin
LogPluginManager: Mounting plugin ChaosNiagara
LogPluginManager: Mounting plugin Niagara
LogPluginManager: Mounting plugin PythonScriptPlugin
LogPluginManager: Mounting plugin CharacterAI
LogPluginManager: Mounting plugin MotoSynth
LogPluginManager: Mounting plugin OpenImageDenoise
LogPluginManager: Mounting plugin PlatformCrypto
LogPluginManager: Mounting plugin MagicLeapPassableWorld
LogPluginManager: Mounting plugin MagicLeap
LogPluginManager: Mounting plugin MLSDK
LogPluginManager: Mounting plugin MagicLeapLightEstimation
LogPluginManager: Mounting plugin AvfMedia
LogPluginManager: Mounting plugin ImgMedia
LogPluginManager: Mounting plugin MediaCompositing
LogPluginManager: Mounting plugin MeshPainting
LogPluginManager: Mounting plugin TcpMessaging
LogPluginManager: Mounting plugin UdpMessaging
LogPluginManager: Mounting plugin ActorSequence
LogPluginManager: Mounting plugin MatineeToLevelSequence
LogPluginManager: Mounting plugin OnlineSubsystemNull
LogPluginManager: Mounting plugin OnlineSubsystem
LogPluginManager: Mounting plugin OnlineSubsystemUtils
LogPluginManager: Mounting plugin LauncherChunkInstaller
LogPluginManager: Mounting plugin ActorLayerUtilities
LogPluginManager: Mounting plugin AndroidPermission
LogPluginManager: Mounting plugin AppleImageUtils
LogPluginManager: Mounting plugin ArchVisCharacter
LogPluginManager: Mounting plugin AssetTags
LogPluginManager: Mounting plugin AudioCapture
LogPluginManager: Mounting plugin CableComponent
LogPluginManager: Mounting plugin ChunkDownloader
LogPluginManager: Mounting plugin CustomMeshComponent
LogPluginManager: Mounting plugin ExampleDeviceProfileSelector
LogPluginManager: Mounting plugin GooglePAD
LogPluginManager: Mounting plugin LocationServicesBPLibrary
LogPluginManager: Mounting plugin MobilePatchingUtils
LogPluginManager: Mounting plugin OculusVR
LogPluginManager: Mounting plugin OpenXREyeTracker
LogPluginManager: Mounting plugin OpenXR
LogPluginManager: Mounting plugin OpenXRHandTracking
LogPluginManager: Mounting plugin LiveLink
LogPluginManager: Mounting plugin Takes
LogPluginManager: Mounting plugin PhysXVehicles
LogPluginManager: Mounting plugin RuntimePhysXCooking
LogPluginManager: Mounting plugin SoundFields
LogPluginManager: Mounting plugin SteamVR
LogPluginManager: Mounting plugin Synthesis
LogPluginManager: Mounting plugin AudioSynesthesia
LogPluginManager: Mounting plugin WindowsMoviePlayer
LogLuminAPIImpl: Warning: MLSDK not found.  This likely means the MLSDK environment variable is not set.
LogInit: Using libcurl 7.55.1-DEV
LogInit:  - built for x86_64-pc-win32
LogInit:  - supports SSL with OpenSSL/1.1.1
LogInit:  - supports HTTP deflate (compression) using libz 1.2.8
LogInit:  - other features:
LogInit:      CURL_VERSION_SSL
LogInit:      CURL_VERSION_LIBZ
LogInit:      CURL_VERSION_IPV6
LogInit:      CURL_VERSION_ASYNCHDNS
LogInit:      CURL_VERSION_LARGEFILE
LogInit:      CURL_VERSION_IDN
LogInit:  CurlRequestOptions (configurable via config and command line):
LogInit:  - bVerifyPeer = true  - Libcurl will verify peer certificate
LogInit:  - bUseHttpProxy = false  - Libcurl will NOT use HTTP proxy
LogInit:  - bDontReuseConnections = false  - Libcurl will reuse connections
LogInit:  - MaxHostConnections = 16  - Libcurl will limit the number of connections to a host
LogInit:  - LocalHostAddr = Default
LogInit:  - BufferSize = 65536
LogOnline: OSS: Creating online subsystem instance for: NULL
LogInit: WinSock: version 1.1 (2.2), MaxSocks=32767, MaxUdp=65467
LogOnline: OSS: TryLoadSubsystemAndSetDefault: Loaded subsystem for module [NULL]
LogInit: Build: ++UE4+Release-4.27-CL-0
LogInit: Engine Version: 4.27.2-0+++UE4+Release-4.27
LogInit: Compatible Engine Version: 4.27.0-0+++UE4+Release-4.27
LogInit: Net CL: 0
LogInit: OS: Windows 10 (Release 2009) (), CPU: Intel(R) Core(TM) i5-10400 CPU @ 2.90GHz, GPU: NVIDIA GeForce RTX 2070 SUPER
LogInit: Compiled (64-bit): Nov 11 2022 23:41:28
LogInit: Compiled with Visual C++: 19.34.31933.00
LogInit: Build Configuration: Development
LogInit: Branch Name: ++UE4+Release-4.27
LogInit: Command Line:  -log -port=7779
LogInit: Base Directory: C:/PokeHunter/PokeHunter/Packaged/WindowsServer/PokeHunter/Binaries/Win64/
LogInit: Allocator: binned2
LogInit: Installed Engine Build: 0
LogDevObjectVersion: Number of dev versions registered: 29
LogDevObjectVersion:   Dev-Blueprints (B0D832E4-1F89-4F0D-ACCF-7EB736FD4AA2): 10
LogDevObjectVersion:   Dev-Build (E1C64328-A22C-4D53-A36C-8E866417BD8C): 0
LogDevObjectVersion:   Dev-Core (375EC13C-06E4-48FB-B500-84F0262A717E): 4
LogDevObjectVersion:   Dev-Editor (E4B068ED-F494-42E9-A231-DA0B2E46BB41): 40
LogDevObjectVersion:   Dev-Framework (CFFC743F-43B0-4480-9391-14DF171D2073): 37
LogDevObjectVersion:   Dev-Mobile (B02B49B5-BB20-44E9-A304-32B752E40360): 3
LogDevObjectVersion:   Dev-Networking (A4E4105C-59A1-49B5-A7C5-40C4547EDFEE): 0
LogDevObjectVersion:   Dev-Online (39C831C9-5AE6-47DC-9A44-9C173E1C8E7C): 0
LogDevObjectVersion:   Dev-Physics (78F01B33-EBEA-4F98-B9B4-84EACCB95AA2): 14
LogDevObjectVersion:   Dev-Platform (6631380F-2D4D-43E0-8009-CF276956A95A): 0
LogDevObjectVersion:   Dev-Rendering (12F88B9F-8875-4AFC-A67C-D90C383ABD29): 45
LogDevObjectVersion:   Dev-Sequencer (7B5AE74C-D270-4C10-A958-57980B212A5A): 13
LogDevObjectVersion:   Dev-VR (D7296918-1DD6-4BDD-9DE2-64A83CC13884): 3
LogDevObjectVersion:   Dev-LoadTimes (C2A15278-BFE7-4AFE-6C17-90FF531DF755): 1
LogDevObjectVersion:   Private-Geometry (6EACA3D4-40EC-4CC1-B786-8BED09428FC5): 3
LogDevObjectVersion:   Dev-AnimPhys (29E575DD-E0A3-4627-9D10-D276232CDCEA): 17
LogDevObjectVersion:   Dev-Anim (AF43A65D-7FD3-4947-9873-3E8ED9C1BB05): 15
LogDevObjectVersion:   Dev-ReflectionCapture (6B266CEC-1EC7-4B8F-A30B-E4D90942FC07): 1
LogDevObjectVersion:   Dev-Automation (0DF73D61-A23F-47EA-B727-89E90C41499A): 1
LogDevObjectVersion:   FortniteMain (601D1886-AC64-4F84-AA16-D3DE0DEAC7D6): 47
LogDevObjectVersion:   FortniteRelease (E7086368-6B23-4C58-8439-1B7016265E91): 1
LogDevObjectVersion:   Dev-Enterprise (9DFFBCD6-494F-0158-E221-12823C92A888): 10
LogDevObjectVersion:   Dev-Niagara (F2AED0AC-9AFE-416F-8664-AA7FFA26D6FC): 1
LogDevObjectVersion:   Dev-Destruction (174F1F0B-B4C6-45A5-B13F-2EE8D0FB917D): 10
LogDevObjectVersion:   Dev-Physics-Ext (35F94A83-E258-406C-A318-09F59610247C): 41
LogDevObjectVersion:   Dev-PhysicsMaterial-Chaos (B68FC16E-8B1B-42E2-B453-215C058844FE): 1
LogDevObjectVersion:   Dev-CineCamera (B2E18506-4273-CFC2-A54E-F4BB758BBA07): 1
LogDevObjectVersion:   Dev-VirtualProduction (64F58936-FD1B-42BA-BA96-7289D5D0FA4E): 1
LogDevObjectVersion:   Dev-MediaFramework (6F0ED827-A609-4895-9C91-998D90180EA4): 2
LogInit: Presizing for max 2097152 objects, including 1 objects not considered by GC, pre-allocating 0 bytes for permanent pool.
LogConfig: Applying CVar settings from Section [/Script/Engine.StreamingSettings] File [../../../PokeHunter/Saved/Config/WindowsServer/Engine.ini]
LogConfig: Setting CVar [[s.MinBulkDataSizeForAsyncLoading:131072]]
LogConfig: Setting CVar [[s.AsyncLoadingThreadEnabled:0]]
LogConfig: Setting CVar [[s.EventDrivenLoaderEnabled:1]]
LogConfig: Setting CVar [[s.WarnIfTimeLimitExceeded:0]]
LogConfig: Setting CVar [[s.TimeLimitExceededMultiplier:1.5]]
LogConfig: Setting CVar [[s.TimeLimitExceededMinTime:0.005]]
LogConfig: Setting CVar [[s.UseBackgroundLevelStreaming:1]]
LogConfig: Setting CVar [[s.PriorityAsyncLoadingExtraTime:15.0]]
LogConfig: Setting CVar [[s.LevelStreamingActorsUpdateTimeLimit:5.0]]
LogConfig: Setting CVar [[s.PriorityLevelStreamingActorsUpdateExtraTime:5.0]]
LogConfig: Setting CVar [[s.LevelStreamingComponentsRegistrationGranularity:10]]
LogConfig: Setting CVar [[s.UnregisterComponentsTimeLimit:1.0]]
LogConfig: Setting CVar [[s.LevelStreamingComponentsUnregistrationGranularity:5]]
LogConfig: Setting CVar [[s.FlushStreamingOnExit:1]]
LogStreaming: Display: Async Loading initialized: Event Driven Loader: true, Async Loading Thread: false, Async Post Load: false
LogInit: Object subsystem initialized
LogConfig: Setting CVar [[con.DebugEarlyDefault:1]]
LogConfig: Setting CVar [[r.setres:1280x720]]
LogConfig: Setting CVar [[fx.NiagaraAllowRuntimeScalabilityChanges:1]]
[2022.11.11-15.06.33:735][  0]LogConfig: Setting CVar [[con.DebugEarlyDefault:1]]
[2022.11.11-15.06.33:735][  0]LogConfig: Setting CVar [[r.setres:1280x720]]
[2022.11.11-15.06.33:736][  0]LogConfig: Setting CVar [[fx.NiagaraAllowRuntimeScalabilityChanges:1]]
[2022.11.11-15.06.33:736][  0]LogConfig: Applying CVar settings from Section [/Script/Engine.RendererSettings] File [../../../PokeHunter/Saved/Config/WindowsServer/Engine.ini]
[2022.11.11-15.06.33:737][  0]LogConfig: Setting CVar [[r.GPUCrashDebugging:0]]
[2022.11.11-15.06.33:737][  0]LogConfig: Applying CVar settings from Section [/Script/Engine.RendererOverrideSettings] File [../../../PokeHunter/Saved/Config/WindowsServer/Engine.ini]
[2022.11.11-15.06.33:738][  0]LogConfig: Applying CVar settings from Section [/Script/Engine.StreamingSettings] File [../../../PokeHunter/Saved/Config/WindowsServer/Engine.ini]
[2022.11.11-15.06.33:739][  0]LogConfig: Setting CVar [[s.MinBulkDataSizeForAsyncLoading:131072]]
[2022.11.11-15.06.33:740][  0]LogConfig: Setting CVar [[s.AsyncLoadingThreadEnabled:0]]
[2022.11.11-15.06.33:741][  0]LogConfig: Setting CVar [[s.EventDrivenLoaderEnabled:1]]
[2022.11.11-15.06.33:742][  0]LogConfig: Setting CVar [[s.WarnIfTimeLimitExceeded:0]]
[2022.11.11-15.06.33:742][  0]LogConfig: Setting CVar [[s.TimeLimitExceededMultiplier:1.5]]
[2022.11.11-15.06.33:743][  0]LogConfig: Setting CVar [[s.TimeLimitExceededMinTime:0.005]]
[2022.11.11-15.06.33:743][  0]LogConfig: Setting CVar [[s.UseBackgroundLevelStreaming:1]]
[2022.11.11-15.06.33:744][  0]LogConfig: Setting CVar [[s.PriorityAsyncLoadingExtraTime:15.0]]
[2022.11.11-15.06.33:744][  0]LogConfig: Setting CVar [[s.LevelStreamingActorsUpdateTimeLimit:5.0]]
[2022.11.11-15.06.33:745][  0]LogConfig: Setting CVar [[s.PriorityLevelStreamingActorsUpdateExtraTime:5.0]]
[2022.11.11-15.06.33:746][  0]LogConfig: Setting CVar [[s.LevelStreamingComponentsRegistrationGranularity:10]]
[2022.11.11-15.06.33:747][  0]LogConfig: Setting CVar [[s.UnregisterComponentsTimeLimit:1.0]]
[2022.11.11-15.06.33:747][  0]LogConfig: Setting CVar [[s.LevelStreamingComponentsUnregistrationGranularity:5]]
[2022.11.11-15.06.33:747][  0]LogConfig: Setting CVar [[s.FlushStreamingOnExit:1]]
[2022.11.11-15.06.33:748][  0]LogConfig: Applying CVar settings from Section [/Script/Engine.GarbageCollectionSettings] File [../../../PokeHunter/Saved/Config/WindowsServer/Engine.ini]
[2022.11.11-15.06.33:748][  0]LogConfig: Setting CVar [[gc.MaxObjectsNotConsideredByGC:1]]
[2022.11.11-15.06.33:749][  0]LogConfig: Setting CVar [[gc.SizeOfPermanentObjectPool:0]]
[2022.11.11-15.06.33:750][  0]LogConfig: Setting CVar [[gc.FlushStreamingOnGC:0]]
[2022.11.11-15.06.33:750][  0]LogConfig: Setting CVar [[gc.NumRetriesBeforeForcingGC:10]]
[2022.11.11-15.06.33:751][  0]LogConfig: Setting CVar [[gc.AllowParallelGC:1]]
[2022.11.11-15.06.33:751][  0]LogConfig: Setting CVar [[gc.TimeBetweenPurgingPendingKillObjects:61.1]]
[2022.11.11-15.06.33:751][  0]LogConfig: Setting CVar [[gc.MaxObjectsInEditor:25165824]]
[2022.11.11-15.06.33:752][  0]LogConfig: Setting CVar [[gc.IncrementalBeginDestroyEnabled:1]]
[2022.11.11-15.06.33:752][  0]LogConfig: Setting CVar [[gc.CreateGCClusters:1]]
[2022.11.11-15.06.33:753][  0]LogConfig: Setting CVar [[gc.MinGCClusterSize:5]]
[2022.11.11-15.06.33:753][  0]LogConfig: Setting CVar [[gc.ActorClusteringEnabled:0]]
[2022.11.11-15.06.33:753][  0]LogConfig: Setting CVar [[gc.BlueprintClusteringEnabled:0]]
[2022.11.11-15.06.33:754][  0]LogConfig: Setting CVar [[gc.UseDisregardForGCOnDedicatedServers:0]]
[2022.11.11-15.06.33:754][  0]LogConfig: Setting CVar [[gc.MultithreadedDestructionEnabled:1]]
[2022.11.11-15.06.33:755][  0]LogConfig: Applying CVar settings from Section [/Script/Engine.NetworkSettings] File [../../../PokeHunter/Saved/Config/WindowsServer/Engine.ini]
[2022.11.11-15.06.33:756][  0]LogConfig: Applying CVar settings from Section [ViewDistanceQuality@3] File [../../../PokeHunter/Saved/Config/WindowsServer/Scalability.ini]
[2022.11.11-15.06.33:756][  0]LogConfig: Setting CVar [[r.SkeletalMeshLODBias:0]]
[2022.11.11-15.06.33:757][  0]LogConfig: Setting CVar [[r.ViewDistanceScale:1.0]]
[2022.11.11-15.06.33:757][  0]LogConfig: Applying CVar settings from Section [AntiAliasingQuality@3] File [../../../PokeHunter/Saved/Config/WindowsServer/Scalability.ini]
[2022.11.11-15.06.33:758][  0]LogConfig: Setting CVar [[r.PostProcessAAQuality:4]]
[2022.11.11-15.06.33:758][  0]LogConfig: Applying CVar settings from Section [ShadowQuality@3] File [../../../PokeHunter/Saved/Config/WindowsServer/Scalability.ini]
[2022.11.11-15.06.33:759][  0]LogConfig: Setting CVar [[r.LightFunctionQuality:1]]
[2022.11.11-15.06.33:762][  0]LogConfig: Setting CVar [[r.ShadowQuality:5]]
[2022.11.11-15.06.33:762][  0]LogConfig: Setting CVar [[r.Shadow.CSM.MaxCascades:10]]
[2022.11.11-15.06.33:763][  0]LogConfig: Setting CVar [[r.Shadow.MaxResolution:2048]]
[2022.11.11-15.06.33:763][  0]LogConfig: Setting CVar [[r.Shadow.MaxCSMResolution:2048]]
[2022.11.11-15.06.33:763][  0]LogConfig: Setting CVar [[r.Shadow.RadiusThreshold:0.01]]
[2022.11.11-15.06.33:764][  0]LogConfig: Setting CVar [[r.Shadow.DistanceScale:1.0]]
[2022.11.11-15.06.33:764][  0]LogConfig: Setting CVar [[r.Shadow.CSM.TransitionScale:1.0]]
[2022.11.11-15.06.33:765][  0]LogConfig: Setting CVar [[r.Shadow.PreShadowResolutionFactor:1.0]]
[2022.11.11-15.06.33:765][  0]LogConfig: Setting CVar [[r.DistanceFieldShadowing:1]]
[2022.11.11-15.06.33:765][  0]LogConfig: Setting CVar [[r.DistanceFieldAO:1]]
[2022.11.11-15.06.33:765][  0]LogConfig: Setting CVar [[r.AOQuality:2]]
[2022.11.11-15.06.33:766][  0]LogConfig: Setting CVar [[r.VolumetricFog:1]]
[2022.11.11-15.06.33:767][  0]LogConfig: Setting CVar [[r.VolumetricFog.GridPixelSize:8]]
[2022.11.11-15.06.33:767][  0]LogConfig: Setting CVar [[r.VolumetricFog.GridSizeZ:128]]
[2022.11.11-15.06.33:768][  0]LogConfig: Setting CVar [[r.VolumetricFog.HistoryMissSupersampleCount:4]]
[2022.11.11-15.06.33:769][  0]LogConfig: Setting CVar [[r.LightMaxDrawDistanceScale:1]]
[2022.11.11-15.06.33:769][  0]LogConfig: Setting CVar [[r.CapsuleShadows:1]]
[2022.11.11-15.06.33:770][  0]LogConfig: Applying CVar settings from Section [PostProcessQuality@3] File [../../../PokeHunter/Saved/Config/WindowsServer/Scalability.ini]
[2022.11.11-15.06.33:772][  0]LogConfig: Setting CVar [[r.MotionBlurQuality:4]]
[2022.11.11-15.06.33:772][  0]LogConfig: Setting CVar [[r.AmbientOcclusionMipLevelFactor:0.4]]
[2022.11.11-15.06.33:773][  0]LogConfig: Setting CVar [[r.AmbientOcclusionMaxQuality:100]]
[2022.11.11-15.06.33:774][  0]LogConfig: Setting CVar [[r.AmbientOcclusionLevels:-1]]
[2022.11.11-15.06.33:774][  0]LogConfig: Setting CVar [[r.AmbientOcclusionRadiusScale:1.0]]
[2022.11.11-15.06.33:775][  0]LogConfig: Setting CVar [[r.DepthOfFieldQuality:2]]
[2022.11.11-15.06.33:775][  0]LogConfig: Setting CVar [[r.RenderTargetPoolMin:400]]
[2022.11.11-15.06.33:776][  0]LogConfig: Setting CVar [[r.LensFlareQuality:2]]
[2022.11.11-15.06.33:777][  0]LogConfig: Setting CVar [[r.SceneColorFringeQuality:1]]
[2022.11.11-15.06.33:777][  0]LogConfig: Setting CVar [[r.EyeAdaptationQuality:2]]
[2022.11.11-15.06.33:777][  0]LogConfig: Setting CVar [[r.BloomQuality:5]]
[2022.11.11-15.06.33:777][  0]LogConfig: Setting CVar [[r.FastBlurThreshold:100]]
[2022.11.11-15.06.33:778][  0]LogConfig: Setting CVar [[r.Upscale.Quality:3]]
[2022.11.11-15.06.33:778][  0]LogConfig: Setting CVar [[r.Tonemapper.GrainQuantization:1]]
[2022.11.11-15.06.33:779][  0]LogConfig: Setting CVar [[r.LightShaftQuality:1]]
[2022.11.11-15.06.33:779][  0]LogConfig: Setting CVar [[r.Filter.SizeScale:1]]
[2022.11.11-15.06.33:780][  0]LogConfig: Setting CVar [[r.Tonemapper.Quality:5]]
[2022.11.11-15.06.33:782][  0]LogConfig: Setting CVar [[r.DOF.Gather.AccumulatorQuality:1        ; higher gathering accumulator quality]]
[2022.11.11-15.06.33:783][  0]LogConfig: Setting CVar [[r.DOF.Gather.PostfilterMethod:1          ; Median3x3 postfilering method]]
[2022.11.11-15.06.33:783][  0]LogConfig: Setting CVar [[r.DOF.Gather.EnableBokehSettings:0       ; no bokeh simulation when gathering]]
[2022.11.11-15.06.33:784][  0]LogConfig: Setting CVar [[r.DOF.Gather.RingCount:4                 ; medium number of samples when gathering]]
[2022.11.11-15.06.33:785][  0]LogConfig: Setting CVar [[r.DOF.Scatter.ForegroundCompositing:1    ; additive foreground scattering]]
[2022.11.11-15.06.33:785][  0]LogConfig: Setting CVar [[r.DOF.Scatter.BackgroundCompositing:2    ; additive background scattering]]
[2022.11.11-15.06.33:786][  0]LogConfig: Setting CVar [[r.DOF.Scatter.EnableBokehSettings:1      ; bokeh simulation when scattering]]
[2022.11.11-15.06.33:787][  0]LogConfig: Setting CVar [[r.DOF.Scatter.MaxSpriteRatio:0.1         ; only a maximum of 10% of scattered bokeh]]
[2022.11.11-15.06.33:788][  0]LogConfig: Setting CVar [[r.DOF.Recombine.Quality:1                ; cheap slight out of focus]]
[2022.11.11-15.06.33:788][  0]LogConfig: Setting CVar [[r.DOF.Recombine.EnableBokehSettings:0    ; no bokeh simulation on slight out of focus]]
[2022.11.11-15.06.33:789][  0]LogConfig: Setting CVar [[r.DOF.TemporalAAQuality:1                ; more stable temporal accumulation]]
[2022.11.11-15.06.33:790][  0]LogConfig: Setting CVar [[r.DOF.Kernel.MaxForegroundRadius:0.025]]
[2022.11.11-15.06.33:791][  0]LogConfig: Setting CVar [[r.DOF.Kernel.MaxBackgroundRadius:0.025]]
[2022.11.11-15.06.33:792][  0]LogConfig: Applying CVar settings from Section [TextureQuality@3] File [../../../PokeHunter/Saved/Config/WindowsServer/Scalability.ini]
[2022.11.11-15.06.33:792][  0]LogConfig: Setting CVar [[r.Streaming.MipBias:0]]
[2022.11.11-15.06.33:793][  0]LogConfig: Setting CVar [[r.Streaming.AmortizeCPUToGPUCopy:0]]
[2022.11.11-15.06.33:794][  0]LogConfig: Setting CVar [[r.Streaming.MaxNumTexturesToStreamPerFrame:0]]
[2022.11.11-15.06.33:795][  0]LogConfig: Setting CVar [[r.Streaming.Boost:1]]
[2022.11.11-15.06.33:795][  0]LogConfig: Setting CVar [[r.MaxAnisotropy:8]]
[2022.11.11-15.06.33:796][  0]LogConfig: Setting CVar [[r.VT.MaxAnisotropy:8]]
[2022.11.11-15.06.33:796][  0]LogConfig: Setting CVar [[r.Streaming.LimitPoolSizeToVRAM:0]]
[2022.11.11-15.06.33:797][  0]LogConfig: Setting CVar [[r.Streaming.PoolSize:1000]]
[2022.11.11-15.06.33:798][  0]LogConfig: Setting CVar [[r.Streaming.MaxEffectiveScreenSize:0]]
[2022.11.11-15.06.33:798][  0]LogConfig: Applying CVar settings from Section [EffectsQuality@3] File [../../../PokeHunter/Saved/Config/WindowsServer/Scalability.ini]
[2022.11.11-15.06.33:798][  0]LogConfig: Setting CVar [[r.TranslucencyLightingVolumeDim:64]]
[2022.11.11-15.06.33:799][  0]LogConfig: Setting CVar [[r.RefractionQuality:2]]
[2022.11.11-15.06.33:799][  0]LogConfig: Setting CVar [[r.SSR.Quality:3]]
[2022.11.11-15.06.33:799][  0]LogConfig: Setting CVar [[r.SSR.HalfResSceneColor:0]]
[2022.11.11-15.06.33:800][  0]LogConfig: Setting CVar [[r.SceneColorFormat:4]]
[2022.11.11-15.06.33:800][  0]LogConfig: Setting CVar [[r.DetailMode:2]]
[2022.11.11-15.06.33:800][  0]LogConfig: Setting CVar [[r.TranslucencyVolumeBlur:1]]
[2022.11.11-15.06.33:801][  0]LogConfig: Setting CVar [[r.MaterialQualityLevel:1 ; High quality]]
[2022.11.11-15.06.33:802][  0]LogConfig: Setting CVar [[r.AnisotropicMaterials:1]]
[2022.11.11-15.06.33:803][  0]LogConfig: Setting CVar [[r.SSS.Scale:1]]
[2022.11.11-15.06.33:804][  0]LogConfig: Setting CVar [[r.SSS.SampleSet:2]]
[2022.11.11-15.06.33:804][  0]LogConfig: Setting CVar [[r.SSS.Quality:1]]
[2022.11.11-15.06.33:804][  0]LogConfig: Setting CVar [[r.SSS.HalfRes:0]]
[2022.11.11-15.06.33:804][  0]LogConfig: Setting CVar [[r.SSGI.Quality:3]]
[2022.11.11-15.06.33:805][  0]LogConfig: Setting CVar [[r.EmitterSpawnRateScale:1.0]]
[2022.11.11-15.06.33:806][  0]LogConfig: Setting CVar [[r.ParticleLightQuality:2]]
[2022.11.11-15.06.33:806][  0]LogConfig: Setting CVar [[r.SkyAtmosphere.AerialPerspectiveLUT.FastApplyOnOpaque:1 ; Always have FastSkyLUT 1 in this case to avoid wrong sky]]
[2022.11.11-15.06.33:806][  0]LogConfig: Setting CVar [[r.SkyAtmosphere.AerialPerspectiveLUT.SampleCountMaxPerSlice:4]]
[2022.11.11-15.06.33:807][  0]LogConfig: Setting CVar [[r.SkyAtmosphere.AerialPerspectiveLUT.DepthResolution:16.0]]
[2022.11.11-15.06.33:807][  0]LogConfig: Setting CVar [[r.SkyAtmosphere.FastSkyLUT:1]]
[2022.11.11-15.06.33:808][  0]LogConfig: Setting CVar [[r.SkyAtmosphere.FastSkyLUT.SampleCountMin:4.0]]
[2022.11.11-15.06.33:808][  0]LogConfig: Setting CVar [[r.SkyAtmosphere.FastSkyLUT.SampleCountMax:128.0]]
[2022.11.11-15.06.33:809][  0]LogConfig: Setting CVar [[r.SkyAtmosphere.SampleCountMin:4.0]]
[2022.11.11-15.06.33:810][  0]LogConfig: Setting CVar [[r.SkyAtmosphere.SampleCountMax:128.0]]
[2022.11.11-15.06.33:810][  0]LogConfig: Setting CVar [[r.SkyAtmosphere.TransmittanceLUT.UseSmallFormat:0]]
[2022.11.11-15.06.33:810][  0]LogConfig: Setting CVar [[r.SkyAtmosphere.TransmittanceLUT.SampleCount:10.0]]
[2022.11.11-15.06.33:811][  0]LogConfig: Setting CVar [[r.SkyAtmosphere.MultiScatteringLUT.SampleCount:15.0]]
[2022.11.11-15.06.33:812][  0]LogConfig: Setting CVar [[r.SkyLight.RealTimeReflectionCapture:1]]
[2022.11.11-15.06.33:813][  0]LogConfig: Setting CVar [[fx.Niagara.QualityLevel:3]]
[2022.11.11-15.06.33:813][  0]LogConfig: Applying CVar settings from Section [FoliageQuality@3] File [../../../PokeHunter/Saved/Config/WindowsServer/Scalability.ini]
[2022.11.11-15.06.33:814][  0]LogConfig: Setting CVar [[foliage.DensityScale:1.0]]
[2022.11.11-15.06.33:815][  0]LogConfig: Setting CVar [[grass.DensityScale:1.0]]
[2022.11.11-15.06.33:815][  0]LogConfig: Applying CVar settings from Section [ShadingQuality@3] File [../../../PokeHunter/Saved/Config/WindowsServer/Scalability.ini]
[2022.11.11-15.06.33:815][  0]LogConfig: Setting CVar [[r.HairStrands.SkyLighting.IntegrationType:2]]
[2022.11.11-15.06.33:816][  0]LogConfig: Setting CVar [[r.HairStrands.SkyAO.SampleCount:4]]
[2022.11.11-15.06.33:817][  0]LogConfig: Setting CVar [[r.HairStrands.Visibility.MSAA.SamplePerPixel:4]]
[2022.11.11-15.06.33:818][  0]LogInit: Selected Device Profile: [WindowsServer]
[2022.11.11-15.06.33:818][  0]LogInit: Applying CVar settings loaded from the selected device profile: [WindowsServer]
[2022.11.11-15.06.33:818][  0]LogHAL: Display: Platform has ~ 16 GB [17114873856 / 17179869184 / 16], which maps to Larger [LargestMinGB=32, LargerMinGB=12, DefaultMinGB=8, SmallerMinGB=6, SmallestMinGB=0)
[2022.11.11-15.06.33:818][  0]LogInit: Going up to parent DeviceProfile [Windows]
[2022.11.11-15.06.33:818][  0]LogInit: Going up to parent DeviceProfile []
[2022.11.11-15.06.33:820][  0]LogConfig: Applying CVar settings from Section [ViewDistanceQuality@3] File [../../../PokeHunter/Saved/Config/WindowsServer/Scalability.ini]
[2022.11.11-15.06.33:820][  0]LogConfig: Setting CVar [[r.SkeletalMeshLODBias:0]]
[2022.11.11-15.06.33:821][  0]LogConfig: Setting CVar [[r.ViewDistanceScale:1.0]]
[2022.11.11-15.06.33:822][  0]LogConfig: Applying CVar settings from Section [AntiAliasingQuality@3] File [../../../PokeHunter/Saved/Config/WindowsServer/Scalability.ini]
[2022.11.11-15.06.33:823][  0]LogConfig: Setting CVar [[r.PostProcessAAQuality:4]]
[2022.11.11-15.06.33:823][  0]LogConfig: Applying CVar settings from Section [ShadowQuality@3] File [../../../PokeHunter/Saved/Config/WindowsServer/Scalability.ini]
[2022.11.11-15.06.33:824][  0]LogConfig: Setting CVar [[r.LightFunctionQuality:1]]
[2022.11.11-15.06.33:824][  0]LogConfig: Setting CVar [[r.ShadowQuality:5]]
[2022.11.11-15.06.33:824][  0]LogConfig: Setting CVar [[r.Shadow.CSM.MaxCascades:10]]
[2022.11.11-15.06.33:826][  0]LogConfig: Setting CVar [[r.Shadow.MaxResolution:2048]]
[2022.11.11-15.06.33:827][  0]LogConfig: Setting CVar [[r.Shadow.MaxCSMResolution:2048]]
[2022.11.11-15.06.33:827][  0]LogConfig: Setting CVar [[r.Shadow.RadiusThreshold:0.01]]
[2022.11.11-15.06.33:828][  0]LogConfig: Setting CVar [[r.Shadow.DistanceScale:1.0]]
[2022.11.11-15.06.33:828][  0]LogConfig: Setting CVar [[r.Shadow.CSM.TransitionScale:1.0]]
[2022.11.11-15.06.33:828][  0]LogConfig: Setting CVar [[r.Shadow.PreShadowResolutionFactor:1.0]]
[2022.11.11-15.06.33:828][  0]LogConfig: Setting CVar [[r.DistanceFieldShadowing:1]]
[2022.11.11-15.06.33:829][  0]LogConfig: Setting CVar [[r.DistanceFieldAO:1]]
[2022.11.11-15.06.33:829][  0]LogConfig: Setting CVar [[r.AOQuality:2]]
[2022.11.11-15.06.33:830][  0]LogConfig: Setting CVar [[r.VolumetricFog:1]]
[2022.11.11-15.06.33:830][  0]LogConfig: Setting CVar [[r.VolumetricFog.GridPixelSize:8]]
[2022.11.11-15.06.33:830][  0]LogConfig: Setting CVar [[r.VolumetricFog.GridSizeZ:128]]
[2022.11.11-15.06.33:831][  0]LogConfig: Setting CVar [[r.VolumetricFog.HistoryMissSupersampleCount:4]]
[2022.11.11-15.06.33:832][  0]LogConfig: Setting CVar [[r.LightMaxDrawDistanceScale:1]]
[2022.11.11-15.06.33:833][  0]LogConfig: Setting CVar [[r.CapsuleShadows:1]]
[2022.11.11-15.06.33:833][  0]LogConfig: Applying CVar settings from Section [PostProcessQuality@3] File [../../../PokeHunter/Saved/Config/WindowsServer/Scalability.ini]
[2022.11.11-15.06.33:834][  0]LogConfig: Setting CVar [[r.MotionBlurQuality:4]]
[2022.11.11-15.06.33:835][  0]LogConfig: Setting CVar [[r.AmbientOcclusionMipLevelFactor:0.4]]
[2022.11.11-15.06.33:835][  0]LogConfig: Setting CVar [[r.AmbientOcclusionMaxQuality:100]]
[2022.11.11-15.06.33:835][  0]LogConfig: Setting CVar [[r.AmbientOcclusionLevels:-1]]
[2022.11.11-15.06.33:836][  0]LogConfig: Setting CVar [[r.AmbientOcclusionRadiusScale:1.0]]
[2022.11.11-15.06.33:837][  0]LogConfig: Setting CVar [[r.DepthOfFieldQuality:2]]
[2022.11.11-15.06.33:838][  0]LogConfig: Setting CVar [[r.RenderTargetPoolMin:400]]
[2022.11.11-15.06.33:838][  0]LogConfig: Setting CVar [[r.LensFlareQuality:2]]
[2022.11.11-15.06.33:839][  0]LogConfig: Setting CVar [[r.SceneColorFringeQuality:1]]
[2022.11.11-15.06.33:840][  0]LogConfig: Setting CVar [[r.EyeAdaptationQuality:2]]
[2022.11.11-15.06.33:840][  0]LogConfig: Setting CVar [[r.BloomQuality:5]]
[2022.11.11-15.06.33:841][  0]LogConfig: Setting CVar [[r.FastBlurThreshold:100]]
[2022.11.11-15.06.33:843][  0]LogConfig: Setting CVar [[r.Upscale.Quality:3]]
[2022.11.11-15.06.33:844][  0]LogConfig: Setting CVar [[r.Tonemapper.GrainQuantization:1]]
[2022.11.11-15.06.33:845][  0]LogConfig: Setting CVar [[r.LightShaftQuality:1]]
[2022.11.11-15.06.33:845][  0]LogConfig: Setting CVar [[r.Filter.SizeScale:1]]
[2022.11.11-15.06.33:846][  0]LogConfig: Setting CVar [[r.Tonemapper.Quality:5]]
[2022.11.11-15.06.33:846][  0]LogConfig: Setting CVar [[r.DOF.Gather.AccumulatorQuality:1        ; higher gathering accumulator quality]]
[2022.11.11-15.06.33:846][  0]LogConfig: Setting CVar [[r.DOF.Gather.PostfilterMethod:1          ; Median3x3 postfilering method]]
[2022.11.11-15.06.33:847][  0]LogConfig: Setting CVar [[r.DOF.Gather.EnableBokehSettings:0       ; no bokeh simulation when gathering]]
[2022.11.11-15.06.33:848][  0]LogConfig: Setting CVar [[r.DOF.Gather.RingCount:4                 ; medium number of samples when gathering]]
[2022.11.11-15.06.33:848][  0]LogConfig: Setting CVar [[r.DOF.Scatter.ForegroundCompositing:1    ; additive foreground scattering]]
[2022.11.11-15.06.33:849][  0]LogConfig: Setting CVar [[r.DOF.Scatter.BackgroundCompositing:2    ; additive background scattering]]
[2022.11.11-15.06.33:849][  0]LogConfig: Setting CVar [[r.DOF.Scatter.EnableBokehSettings:1      ; bokeh simulation when scattering]]
[2022.11.11-15.06.33:850][  0]LogConfig: Setting CVar [[r.DOF.Scatter.MaxSpriteRatio:0.1         ; only a maximum of 10% of scattered bokeh]]
[2022.11.11-15.06.33:850][  0]LogConfig: Setting CVar [[r.DOF.Recombine.Quality:1                ; cheap slight out of focus]]
[2022.11.11-15.06.33:851][  0]LogConfig: Setting CVar [[r.DOF.Recombine.EnableBokehSettings:0    ; no bokeh simulation on slight out of focus]]
[2022.11.11-15.06.33:851][  0]LogConfig: Setting CVar [[r.DOF.TemporalAAQuality:1                ; more stable temporal accumulation]]
[2022.11.11-15.06.33:852][  0]LogConfig: Setting CVar [[r.DOF.Kernel.MaxForegroundRadius:0.025]]
[2022.11.11-15.06.33:853][  0]LogConfig: Setting CVar [[r.DOF.Kernel.MaxBackgroundRadius:0.025]]
[2022.11.11-15.06.33:854][  0]LogConfig: Applying CVar settings from Section [TextureQuality@3] File [../../../PokeHunter/Saved/Config/WindowsServer/Scalability.ini]
[2022.11.11-15.06.33:854][  0]LogConfig: Setting CVar [[r.Streaming.MipBias:0]]
[2022.11.11-15.06.33:855][  0]LogConfig: Setting CVar [[r.Streaming.AmortizeCPUToGPUCopy:0]]
[2022.11.11-15.06.33:855][  0]LogConfig: Setting CVar [[r.Streaming.MaxNumTexturesToStreamPerFrame:0]]
[2022.11.11-15.06.33:856][  0]LogConfig: Setting CVar [[r.Streaming.Boost:1]]
[2022.11.11-15.06.33:856][  0]LogConfig: Setting CVar [[r.MaxAnisotropy:8]]
[2022.11.11-15.06.33:857][  0]LogConfig: Setting CVar [[r.VT.MaxAnisotropy:8]]
[2022.11.11-15.06.33:858][  0]LogConfig: Setting CVar [[r.Streaming.LimitPoolSizeToVRAM:0]]
[2022.11.11-15.06.33:858][  0]LogConfig: Setting CVar [[r.Streaming.PoolSize:1000]]
[2022.11.11-15.06.33:859][  0]LogConfig: Setting CVar [[r.Streaming.MaxEffectiveScreenSize:0]]
[2022.11.11-15.06.33:859][  0]LogConfig: Applying CVar settings from Section [EffectsQuality@3] File [../../../PokeHunter/Saved/Config/WindowsServer/Scalability.ini]
[2022.11.11-15.06.33:859][  0]LogConfig: Setting CVar [[r.TranslucencyLightingVolumeDim:64]]
[2022.11.11-15.06.33:860][  0]LogConfig: Setting CVar [[r.RefractionQuality:2]]
[2022.11.11-15.06.33:860][  0]LogConfig: Setting CVar [[r.SSR.Quality:3]]
[2022.11.11-15.06.33:861][  0]LogConfig: Setting CVar [[r.SSR.HalfResSceneColor:0]]
[2022.11.11-15.06.33:861][  0]LogConfig: Setting CVar [[r.SceneColorFormat:4]]
[2022.11.11-15.06.33:861][  0]LogConfig: Setting CVar [[r.DetailMode:2]]
[2022.11.11-15.06.33:861][  0]LogConfig: Setting CVar [[r.TranslucencyVolumeBlur:1]]
[2022.11.11-15.06.33:862][  0]LogConfig: Setting CVar [[r.MaterialQualityLevel:1 ; High quality]]
[2022.11.11-15.06.33:864][  0]LogConfig: Setting CVar [[r.AnisotropicMaterials:1]]
[2022.11.11-15.06.33:865][  0]LogConfig: Setting CVar [[r.SSS.Scale:1]]
[2022.11.11-15.06.33:866][  0]LogConfig: Setting CVar [[r.SSS.SampleSet:2]]
[2022.11.11-15.06.33:866][  0]LogConfig: Setting CVar [[r.SSS.Quality:1]]
[2022.11.11-15.06.33:866][  0]LogConfig: Setting CVar [[r.SSS.HalfRes:0]]
[2022.11.11-15.06.33:867][  0]LogConfig: Setting CVar [[r.SSGI.Quality:3]]
[2022.11.11-15.06.33:867][  0]LogConfig: Setting CVar [[r.EmitterSpawnRateScale:1.0]]
[2022.11.11-15.06.33:867][  0]LogConfig: Setting CVar [[r.ParticleLightQuality:2]]
[2022.11.11-15.06.33:868][  0]LogConfig: Setting CVar [[r.SkyAtmosphere.AerialPerspectiveLUT.FastApplyOnOpaque:1 ; Always have FastSkyLUT 1 in this case to avoid wrong sky]]
[2022.11.11-15.06.33:868][  0]LogConfig: Setting CVar [[r.SkyAtmosphere.AerialPerspectiveLUT.SampleCountMaxPerSlice:4]]
[2022.11.11-15.06.33:869][  0]LogConfig: Setting CVar [[r.SkyAtmosphere.AerialPerspectiveLUT.DepthResolution:16.0]]
[2022.11.11-15.06.33:869][  0]LogConfig: Setting CVar [[r.SkyAtmosphere.FastSkyLUT:1]]
[2022.11.11-15.06.33:870][  0]LogConfig: Setting CVar [[r.SkyAtmosphere.FastSkyLUT.SampleCountMin:4.0]]
[2022.11.11-15.06.33:870][  0]LogConfig: Setting CVar [[r.SkyAtmosphere.FastSkyLUT.SampleCountMax:128.0]]
[2022.11.11-15.06.33:870][  0]LogConfig: Setting CVar [[r.SkyAtmosphere.SampleCountMin:4.0]]
[2022.11.11-15.06.33:872][  0]LogConfig: Setting CVar [[r.SkyAtmosphere.SampleCountMax:128.0]]
[2022.11.11-15.06.33:872][  0]LogConfig: Setting CVar [[r.SkyAtmosphere.TransmittanceLUT.UseSmallFormat:0]]
[2022.11.11-15.06.33:873][  0]LogConfig: Setting CVar [[r.SkyAtmosphere.TransmittanceLUT.SampleCount:10.0]]
[2022.11.11-15.06.33:874][  0]LogConfig: Setting CVar [[r.SkyAtmosphere.MultiScatteringLUT.SampleCount:15.0]]
[2022.11.11-15.06.33:874][  0]LogConfig: Setting CVar [[r.SkyLight.RealTimeReflectionCapture:1]]
[2022.11.11-15.06.33:874][  0]LogConfig: Setting CVar [[fx.Niagara.QualityLevel:3]]
[2022.11.11-15.06.33:875][  0]LogConfig: Applying CVar settings from Section [FoliageQuality@3] File [../../../PokeHunter/Saved/Config/WindowsServer/Scalability.ini]
[2022.11.11-15.06.33:875][  0]LogConfig: Setting CVar [[foliage.DensityScale:1.0]]
[2022.11.11-15.06.33:876][  0]LogConfig: Setting CVar [[grass.DensityScale:1.0]]
[2022.11.11-15.06.33:876][  0]LogConfig: Applying CVar settings from Section [ShadingQuality@3] File [../../../PokeHunter/Saved/Config/WindowsServer/Scalability.ini]
[2022.11.11-15.06.33:876][  0]LogConfig: Setting CVar [[r.HairStrands.SkyLighting.IntegrationType:2]]
[2022.11.11-15.06.33:877][  0]LogConfig: Setting CVar [[r.HairStrands.SkyAO.SampleCount:4]]
[2022.11.11-15.06.33:878][  0]LogConfig: Setting CVar [[r.HairStrands.Visibility.MSAA.SamplePerPixel:4]]
[2022.11.11-15.06.33:879][  0]LogConfig: Applying CVar settings from Section [Startup] File [../../../Engine/Config/ConsoleVariables.ini]
[2022.11.11-15.06.33:879][  0]LogConfig: Setting CVar [[net.UseAdaptiveNetUpdateFrequency:0]]
[2022.11.11-15.06.33:880][  0]LogConfig: Setting CVar [[p.chaos.AllowCreatePhysxBodies:1]]
[2022.11.11-15.06.33:880][  0]LogConfig: Setting CVar [[fx.SkipVectorVMBackendOptimizations:1]]
[2022.11.11-15.06.33:881][  0]LogConfig: Applying CVar settings from Section [ConsoleVariables] File [../../../PokeHunter/Saved/Config/WindowsServer/Engine.ini]
[2022.11.11-15.06.33:881][  0]LogInit: Computer: DESKTOP-HGL2373
[2022.11.11-15.06.33:881][  0]LogInit: User: leemc
[2022.11.11-15.06.33:881][  0]LogInit: CPU Page size=4096, Cores=6
[2022.11.11-15.06.33:882][  0]LogInit: High frequency timer resolution =10.000000 MHz
[2022.11.11-15.06.33:882][  0]LogMemory: Memory total: Physical=15.9GB (16GB approx)
[2022.11.11-15.06.33:883][  0]LogMemory: Platform Memory Stats for WindowsServer
[2022.11.11-15.06.33:884][  0]LogMemory: Process Physical Memory: 74.83 MB used, 74.83 MB peak
[2022.11.11-15.06.33:886][  0]LogMemory: Process Virtual Memory: 75.27 MB used, 75.27 MB peak
[2022.11.11-15.06.33:887][  0]LogMemory: Physical Memory: 7165.08 MB used,  9156.93 MB free, 16322.02 MB total
[2022.11.11-15.06.33:888][  0]LogMemory: Virtual Memory: 134210680.00 MB used,  7047.67 MB free, 134217728.00 MB total
[2022.11.11-15.06.33:901][  0]LogWindows: WindowsPlatformFeatures disabled or dedicated server build
[2022.11.11-15.06.34:124][  0]LogInit: Physics initialised using underlying interface: PhysX
[2022.11.11-15.06.34:129][  0]LogInit: Using OS detected language (ko-KR).
[2022.11.11-15.06.34:129][  0]LogInit: Using OS detected locale (ko-KR).
[2022.11.11-15.06.34:131][  0]LogTextLocalizationManager: No localization for 'ko-KR' exists, so 'en' will be used for the language.
[2022.11.11-15.06.34:132][  0]LogTextLocalizationManager: No localization for 'ko-KR' exists, so 'en' will be used for the locale.
[2022.11.11-15.06.34:156][  0]LogRendererCore: Ray tracing is disabled. Reason: r.RayTracing=0.
[2022.11.11-15.06.34:156][  0]LogODSC: ODSC Thread active.
[2022.11.11-15.06.34:164][  0]LogInit: Using OS detected language (ko-KR).
[2022.11.11-15.06.34:164][  0]LogInit: Using OS detected locale (ko-KR).
[2022.11.11-15.06.34:164][  0]LogTextLocalizationManager: No localization for 'ko-KR' exists, so 'en' will be used for the language.
[2022.11.11-15.06.34:166][  0]LogTextLocalizationManager: No localization for 'ko-KR' exists, so 'en' will be used for the locale.
[2022.11.11-15.06.34:168][  0]LogTextLocalizationManager: Compacting localization data took   0.66ms
[2022.11.11-15.06.34:169][  0]LogAssetRegistry: FAssetRegistry took 0.0014 seconds to start up
[2022.11.11-15.06.34:246][  0]LogStreaming: Display: FlushAsyncLoading: 1 QueuedPackages, 0 AsyncPackages
[2022.11.11-15.06.34:246][  0]LogPackageLocalizationCache: Processed 26 localized package path(s) for 1 prioritized culture(s) in 0.000085 seconds
[2022.11.11-15.06.34:247][  0]LogPakFile: New pak file ../../../PokeHunter/Content/Paks/PokeHunter-WindowsServer.pak added to pak precacher.
[2022.11.11-15.06.34:249][  0]LogInit: Selected Device Profile: [WindowsServer]
[2022.11.11-15.06.34:249][  0]LogInit: Active device profile: [0000019DF12C10C0][0000019DEC059250 49] WindowsServer
[2022.11.11-15.06.34:250][  0]LogInit: Profiles: [0000019DF12C1240][0000019DEF8C9250 49] Windows, [0000019DF12C10C0][0000019DEC059250 49] WindowsServer, 
[2022.11.11-15.06.34:260][  0]LogSerialization: Display: AllowBulkDataInIoStore: 'true'
[2022.11.11-15.06.34:267][  0]LogNetVersion: PokeHunter 1.0.0, NetCL: 0, EngineNetVer: 17, GameNetVer: 0 (Checksum: 3968436129)
[2022.11.11-15.06.34:292][  0]LogAudioCaptureCore: Display: No Audio Capture implementations found. Audio input will be silent.
[2022.11.11-15.06.34:292][  0]LogAudioCaptureCore: Display: No Audio Capture implementations found. Audio input will be silent.
[2022.11.11-15.06.34:293][  0]LogHMD: PokeAHoleMaterial loaded successfully
[2022.11.11-15.06.34:296][  0]LogTemp: GameInstance Maker
[2022.11.11-15.06.34:326][  0]LogUObjectArray: 16098 objects as part of root set at end of initial load.
[2022.11.11-15.06.34:327][  0]LogUObjectAllocator: 3370024 out of 0 bytes used by permanent object pool.
[2022.11.11-15.06.34:328][  0]LogUObjectArray: CloseDisregardForGC: 16098/0 objects in disregard for GC pool
[2022.11.11-15.06.34:370][  0]LogNiagaraDebuggerClient: Niagara Debugger Client Initialized | Session: 83E195A24FFA63C80E5CB2A923FD1FC0 | Instance: 814C80954C14A821660013863EB3D520 (DESKTOP-HGL2373-11676).
[2022.11.11-15.06.34:372][  0]LogAndroidPermission: UAndroidPermissionCallbackProxy::GetInstance
[2022.11.11-15.06.34:373][  0]LogOcInput: OculusInput pre-init called
[2022.11.11-15.06.34:375][  0]LogEngine: Initializing Engine...
[2022.11.11-15.06.34:376][  0]LogStats: UGameplayTagsManager::InitializeManager -  0.000 s
[2022.11.11-15.06.34:381][  0]LogInit: Initializing FReadOnlyCVARCache
[2022.11.11-15.06.34:381][  0]LogNetVersion: Set ProjectVersion to 1.0.0.0. Version Checksum will be recalculated on next use.
[2022.11.11-15.06.34:381][  0]LogInit: Texture streaming: Disabled
[2022.11.11-15.06.34:394][  0]LogTemp: GameInstance Maker
[2022.11.11-15.06.34:398][  0]LogInit: Display: Game Engine Initialized.
[2022.11.11-15.06.34:399][  0]LogInit: Display: Starting Game.
[2022.11.11-15.06.34:399][  0]LogNet: Browse: /Game/Map/Stage/Stage?Name=Player
[2022.11.11-15.06.34:400][  0]LogLoad: LoadMap: /Game/Map/Stage/Stage?Name=Player
[2022.11.11-15.06.34:401][  0]LogWorld: BeginTearingDown for /Temp/Untitled_0
[2022.11.11-15.06.34:404][  0]LogWorld: UWorld::CleanupWorld for Untitled, bSessionEnded=true, bCleanupResources=true
[2022.11.11-15.06.34:406][  0]LogUObjectHash: Compacting FUObjectHashTables data took   0.53ms
[2022.11.11-15.06.34:412][  0]LogAIModule: Creating AISystem for world Stage
[2022.11.11-15.06.34:413][  0]LogLoad: Game class is 'PokeHunterGameModeBase'
[2022.11.11-15.06.34:414][  0]LogNet: ReplicationDriverClass is null! Not using ReplicationDriver.
[2022.11.11-15.06.34:414][  0]LogNetCore: DDoS detection status: detection enabled: 0 analytics enabled: 0
[2022.11.11-15.06.34:415][  0]LogInit: WinSock: Socket queue. Rx: 131072 (config 131072) Tx: 131072 (config 131072)
[2022.11.11-15.06.34:415][  0]LogNet: Created socket for bind address: 0.0.0.0 on port 7779
[2022.11.11-15.06.34:416][  0]PacketHandlerLog: Loaded PacketHandler component: Engine.EngineHandlerComponentFactory (StatelessConnectHandlerComponent)
[2022.11.11-15.06.34:417][  0]LogNet: GameNetDriver IpNetDriver_2147482557 IpNetDriver listening on port 7779
[2022.11.11-15.06.34:420][  0]LogWorld: Bringing World /Game/Map/Stage/Stage.Stage up for play (max tick rate 30) at 2022.11.12-00.06.34
[2022.11.11-15.06.34:421][  0]LogWorld: Bringing up level for play took: 0.001462
[2022.11.11-15.06.34:422][  0]LogBlueprintUserMessages: [Stage_C_1] 
[2022.11.11-15.06.34:423][  0]LogBlueprintUserMessages: [Stage_C_1] Partner Inf Empty
[2022.11.11-15.06.34:646][  0]LogLoad: Took 0.246657 seconds to LoadMap(/Game/Map/Stage/Stage)
[2022.11.11-15.06.34:647][  0]LogPakFile: AllPaks IndexSizes: DirectoryHashSize=200280, PathHashSize=16, EntriesSize=32752, TotalSize=233048
[2022.11.11-15.06.34:648][  0]LogInit: Display: Engine is initialized. Leaving FEngineLoop::Init()
[2022.11.11-15.06.34:649][  0]LogLoad: (Engine Initialization) Total time: 4.58 seconds
